{"durationMs":155,"level":"info","message":"request","method":"POST","path":"/api/login","role":null,"status":500,"timestamp":"2026-07-16T09:05:10.729Z","userId":null}
{"durationMs":9476,"level":"info","message":"request","method":"POST","path":"/api/login","role":null,"status":200,"timestamp":"2026-07-16T09:06:24.008Z","userId":null}
{"durationMs":16,"level":"info","message":"request","method":"POST","path":"/api/verify-otp","role":null,"status":400,"timestamp":"2026-07-16T09:07:08.470Z","userId":null}
{"durationMs":48,"level":"info","message":"request","method":"POST","path":"/api/verify-otp","role":"HRAdmin","status":200,"timestamp":"2026-07-16T09:07:51.861Z","userId":"6a5623180e566e7394a21196"}
{"durationMs":4,"level":"info","message":"request","method":"POST","path":"/api/employee","role":null,"status":401,"timestamp":"2026-07-16T09:11:41.395Z","userId":null}
{"durationMs":9,"level":"info","message":"request","method":"POST","path":"/api/employee","role":null,"status":401,"timestamp":"2026-07-16T09:14:50.292Z","userId":null}
{"durationMs":4,"level":"info","message":"request","method":"POST","path":"/api/employee","role":null,"status":401,"timestamp":"2026-07-16T09:15:53.810Z","userId":null}
{"durationMs":2,"level":"info","message":"request","method":"POST","path":"/api/employee","role":null,"status":401,"timestamp":"2026-07-16T09:16:15.838Z","userId":null}
{"durationMs":9,"level":"info","message":"request","method":"POST","path":"/api/employee","role":null,"status":401,"timestamp":"2026-07-16T09:18:54.433Z","userId":null}
{"durationMs":10,"level":"info","message":"request","method":"POST","path":"/api/employee","role":null,"status":401,"timestamp":"2026-07-16T09:19:13.356Z","userId":null}
{"durationMs":2,"level":"info","message":"request","method":"POST","path":"/api/employee","role":null,"status":401,"timestamp":"2026-07-16T09:19:30.340Z","userId":null}
{"durationMs":16,"level":"info","message":"request","method":"POST","path":"/api/employee","role":"HRAdmin","status":403,"timestamp":"2026-07-16T09:21:13.300Z","userId":"6a5623180e566e7394a21196"}
{"durationMs":13,"level":"info","message":"request","method":"POST","path":"/api/employee","role":"HRAdmin","status":403,"timestamp":"2026-07-16T09:22:12.874Z","userId":"6a5623180e566e7394a21196"}
{"durationMs":15,"level":"info","message":"request","method":"POST","path":"/api/employee","role":"HRAdmin","status":200,"timestamp":"2026-07-16T09:23:31.662Z","userId":"6a5623180e566e7394a21196"}
{"durationMs":16,"level":"info","message":"request","method":"POST","path":"/api/employee","role":"HRAdmin","status":500,"timestamp":"2026-07-16T09:25:36.108Z","userId":"6a5623180e566e7394a21196"}
{"durationMs":15,"level":"info","message":"request","method":"POST","path":"/api/employee","role":"HRAdmin","status":200,"timestamp":"2026-07-16T09:25:57.140Z","userId":"6a5623180e566e7394a21196"}
{"durationMs":19,"level":"info","message":"request","method":"POST","path":"/api/employee","role":"HRAdmin","status":200,"timestamp":"2026-07-16T09:26:47.956Z","userId":"6a5623180e566e7394a21196"}
{"durationMs":16,"level":"info","message":"request","method":"POST","path":"/api/employee","role":"HRAdmin","status":500,"timestamp":"2026-07-16T09:40:36.608Z","userId":"6a5623180e566e7394a21196"}
{"durationMs":63,"level":"info","message":"request","method":"POST","path":"/api/employee","role":"HRAdmin","status":200,"timestamp":"2026-07-16T09:46:18.622Z","userId":"6a5623180e566e7394a21196"}
{"durationMs":67,"level":"info","message":"request","method":"POST","path":"/api/employee","role":"HRAdmin","status":200,"timestamp":"2026-07-16T09:47:40.848Z","userId":"6a5623180e566e7394a21196"}
{"durationMs":32,"level":"info","message":"request","method":"GET","path":"/api/employee/6a58a8bc6762b05427411b01","role":"HRAdmin","status":200,"timestamp":"2026-07-16T09:55:19.759Z","userId":"6a5623180e566e7394a21196"}
{"durationMs":87,"level":"info","message":"request","method":"POST","path":"/api/employee","role":"HRAdmin","status":200,"timestamp":"2026-07-16T14:01:06.529Z","userId":"6a5623180e566e7394a21196"}
{"durationMs":37,"level":"info","message":"request","method":"GET","path":"/api/employee/6a58a8bc6762b05427411b01","role":"HRAdmin","status":200,"timestamp":"2026-07-16T14:02:56.549Z","userId":"6a5623180e566e7394a21196"}
{"durationMs":10375,"level":"info","message":"request","method":"POST","path":"/api/employee","role":"HRAdmin","status":200,"timestamp":"2026-07-16T14:03:19.121Z","userId":"6a5623180e566e7394a21196"}
{"durationMs":4,"level":"info","message":"request","method":"POST","path":"/api/login","role":null,"status":404,"timestamp":"2026-07-16T14:20:05.184Z","userId":null}
{"durationMs":55825,"level":"info","message":"request","method":"POST","path":"/api/auth/login","role":null,"status":200,"timestamp":"2026-07-16T14:21:09.073Z","userId":null}
{"durationMs":7654,"level":"info","message":"request","method":"POST","path":"/api/auth/login","role":null,"status":200,"timestamp":"2026-07-16T14:22:50.431Z","userId":null}
{"durationMs":1,"level":"info","message":"request","method":"POST","path":"/api/verify-otp","role":null,"status":404,"timestamp":"2026-07-16T14:24:21.247Z","userId":null}
{"durationMs":13,"level":"info","message":"request","method":"POST","path":"/api/auth/verify-otp","role":"HRAdmin","status":200,"timestamp":"2026-07-16T14:24:27.284Z","userId":"6a5623180e566e7394a21196"}
{"durationMs":13,"level":"info","message":"request","method":"POST","path":"/api/department/create","role":null,"status":403,"timestamp":"2026-07-16T14:24:46.244Z","userId":"6a5623180e566e7394a21196"}
{"durationMs":17,"level":"info","message":"request","method":"POST","path":"/api/department/create","role":null,"status":403,"timestamp":"2026-07-16T15:05:19.955Z","userId":"6a5623180e566e7394a21196"}
{"durationMs":3,"level":"info","message":"request","method":"POST","path":"/api/department/create","role":null,"status":403,"timestamp":"2026-07-16T15:05:23.704Z","userId":"6a5623180e566e7394a21196"}
{"durationMs":15,"level":"info","message":"request","method":"POST","path":"/api/department/create","role":null,"status":403,"timestamp":"2026-07-16T15:06:23.786Z","userId":"6a5623180e566e7394a21196"}
{"durationMs":12,"level":"info","message":"request","method":"POST","path":"/api/department/create","role":null,"status":403,"timestamp":"2026-07-16T15:09:14.066Z","userId":"6a5623180e566e7394a21196"}
{"durationMs":14,"level":"info","message":"request","method":"POST","path":"/api/department/create","role":null,"status":403,"timestamp":"2026-07-16T15:10:59.712Z","userId":"6a5623180e566e7394a21196"}
{"durationMs":5241,"level":"info","message":"request","method":"POST","path":"/api/auth/login","role":null,"status":200,"timestamp":"2026-07-16T15:11:14.352Z","userId":null}
{"durationMs":17,"level":"info","message":"request","method":"POST","path":"/api/auth/verify-otp","role":"HRAdmin","status":200,"timestamp":"2026-07-16T15:11:48.829Z","userId":"6a5623180e566e7394a21196"}
{"durationMs":16,"level":"info","message":"request","method":"POST","path":"/api/department/create","role":"HRAdmin","status":201,"timestamp":"2026-07-16T15:12:06.450Z","userId":"6a5623180e566e7394a21196"}
{"durationMs":6,"level":"info","message":"request","method":"POST","path":"/api/designation/create","role":"HRAdmin","status":500,"timestamp":"2026-07-16T15:12:40.467Z","userId":"6a5623180e566e7394a21196"}
{"durationMs":6,"level":"info","message":"request","method":"POST","path":"/api/designation/create","role":"HRAdmin","status":201,"timestamp":"2026-07-16T15:13:51.215Z","userId":"6a5623180e566e7394a21196"}
{"durationMs":3423,"level":"info","message":"request","method":"POST","path":"/api/auth/register","role":null,"status":201,"timestamp":"2026-07-17T12:35:16.871Z","userId":null}
{"durationMs":7,"level":"info","message":"request","method":"POST","path":"/api/auth/register","role":null,"status":400,"timestamp":"2026-07-17T12:39:09.896Z","userId":null}
{"durationMs":3,"level":"info","message":"request","method":"POST","path":"/api/auth/register","role":null,"status":400,"timestamp":"2026-07-17T12:39:17.482Z","userId":null}
{"durationMs":2,"level":"info","message":"request","method":"POST","path":"/api/auth/register","role":null,"status":400,"timestamp":"2026-07-17T12:41:02.257Z","userId":null}
{"durationMs":72,"level":"info","message":"request","method":"POST","path":"/api/auth/register","role":null,"status":500,"timestamp":"2026-07-17T12:45:53.315Z","userId":null}
{"durationMs":74,"level":"info","message":"request","method":"POST","path":"/api/auth/register","role":null,"status":500,"timestamp":"2026-07-17T12:46:06.559Z","userId":null}
{"durationMs":97,"level":"info","message":"request","method":"POST","path":"/api/auth/register","role":null,"status":500,"timestamp":"2026-07-17T12:55:57.966Z","userId":null}
{"durationMs":70,"level":"info","message":"request","method":"POST","path":"/api/auth/register","role":null,"status":500,"timestamp":"2026-07-17T12:56:30.416Z","userId":null}
{"durationMs":77,"level":"info","message":"request","method":"POST","path":"/api/auth/register","role":null,"status":500,"timestamp":"2026-07-17T12:56:45.550Z","userId":null}
{"durationMs":76,"level":"info","message":"request","method":"POST","path":"/api/auth/register","role":null,"status":500,"timestamp":"2026-07-17T12:56:47.202Z","userId":null}
{"durationMs":70,"level":"info","message":"request","method":"POST","path":"/api/auth/register","role":null,"status":500,"timestamp":"2026-07-17T12:57:02.733Z","userId":null}
{"durationMs":71,"level":"info","message":"request","method":"POST","path":"/api/auth/register","role":null,"status":500,"timestamp":"2026-07-17T12:57:14.943Z","userId":null}
{"durationMs":69,"level":"info","message":"request","method":"POST","path":"/api/auth/register","role":null,"status":500,"timestamp":"2026-07-17T12:58:49.408Z","userId":null}
{"durationMs":3857,"level":"info","message":"request","method":"POST","path":"/api/auth/register","role":null,"status":201,"timestamp":"2026-07-17T14:20:17.018Z","userId":null}
{"durationMs":3513,"level":"info","message":"request","method":"POST","path":"/api/auth/register","role":null,"status":201,"timestamp":"2026-07-17T14:35:40.138Z","userId":null}
{"durationMs":20,"level":"info","message":"request","method":"POST","path":"/api/auth/verify-otp","role":null,"status":401,"timestamp":"2026-07-17T14:36:48.742Z","userId":null}
{"durationMs":7,"level":"info","message":"request","method":"POST","path":"/api/auth/verify-otp","role":null,"status":401,"timestamp":"2026-07-17T14:37:08.706Z","userId":null}
{"durationMs":3051,"level":"info","message":"request","method":"POST","path":"/api/auth/login","role":null,"status":200,"timestamp":"2026-07-17T14:37:50.182Z","userId":null}
{"durationMs":6,"level":"info","message":"request","method":"POST","path":"/api/auth/verify-otp","role":null,"status":401,"timestamp":"2026-07-17T14:38:18.008Z","userId":null}
{"durationMs":2,"level":"info","message":"request","method":"POST","path":"/api/auth/verify-otp","role":null,"status":401,"timestamp":"2026-07-17T14:39:01.522Z","userId":null}
{"durationMs":6,"level":"info","message":"request","method":"POST","path":"/api/auth/verify-otp","role":null,"status":401,"timestamp":"2026-07-17T14:39:16.658Z","userId":null}
{"durationMs":0,"level":"info","message":"request","method":"POST","path":"/api/auth/verify-otp","role":null,"status":400,"timestamp":"2026-07-17T14:39:44.778Z","userId":null}
{"durationMs":10159,"level":"info","message":"request","method":"POST","path":"/api/auth/login","role":null,"status":200,"timestamp":"2026-07-17T14:42:54.920Z","userId":null}
{"durationMs":2,"level":"info","message":"request","method":"POST","path":"/api/auth/verify-otp","role":null,"status":400,"timestamp":"2026-07-17T14:44:03.806Z","userId":null}
{"durationMs":2872,"level":"info","message":"request","method":"POST","path":"/api/auth/login","role":null,"status":200,"timestamp":"2026-07-17T14:47:28.837Z","userId":null}
{"durationMs":7,"level":"info","message":"request","method":"POST","path":"/api/auth/verify-otp","role":"Candidate","status":200,"timestamp":"2026-07-17T14:47:48.543Z","userId":"6a5a3db8f8c23ca41c6afccd"}
{"durationMs":11,"level":"info","message":"request","method":"POST","path":"/api/auth/verify-otp","role":"Candidate","status":200,"timestamp":"2026-07-17T14:49:24.138Z","userId":"6a5a3db8f8c23ca41c6afccd"}
{"durationMs":6,"level":"info","message":"request","method":"POST","path":"/api/auth/verify-otp","role":"Candidate","status":400,"timestamp":"2026-07-17T14:50:23.609Z","userId":"6a5a3db8f8c23ca41c6afccd"}
{"durationMs":10,"level":"info","message":"request","method":"POST","path":"/api/auth/verify-otp","role":"Candidate","status":400,"timestamp":"2026-07-17T14:50:26.128Z","userId":"6a5a3db8f8c23ca41c6afccd"}
{"durationMs":3883,"level":"info","message":"request","method":"POST","path":"/api/auth/login","role":null,"status":200,"timestamp":"2026-07-17T14:50:44.723Z","userId":null}
{"durationMs":13,"level":"info","message":"request","method":"POST","path":"/api/auth/verify-otp","role":"Candidate","status":200,"timestamp":"2026-07-17T14:51:05.740Z","userId":"6a5a3db8f8c23ca41c6afccd"}
{"durationMs":17,"level":"info","message":"request","method":"POST","path":"/api/auth/login","role":null,"status":404,"timestamp":"2026-07-20T08:49:52.301Z","userId":null}
{"durationMs":1,"level":"info","message":"request","method":"POST","path":"/api/employee/register","role":null,"status":404,"timestamp":"2026-07-20T09:00:13.094Z","userId":null}
{"durationMs":2943,"level":"info","message":"request","method":"POST","path":"/api/auth/register","role":null,"status":201,"timestamp":"2026-07-20T09:00:53.067Z","userId":null}
{"durationMs":9,"level":"info","message":"request","method":"POST","path":"/api/auth/verify-otp","role":null,"status":500,"timestamp":"2026-07-20T09:01:44.666Z","userId":null}
{"durationMs":3,"level":"info","message":"request","method":"POST","path":"/api/auth/register","role":null,"status":400,"timestamp":"2026-07-20T09:01:52.829Z","userId":null}
{"durationMs":2468,"level":"info","message":"request","method":"POST","path":"/api/auth/login","role":null,"status":200,"timestamp":"2026-07-20T09:02:13.791Z","userId":null}
{"durationMs":2352,"level":"info","message":"request","method":"POST","path":"/api/auth/login","role":null,"status":200,"timestamp":"2026-07-20T09:02:50.590Z","userId":null}
{"durationMs":3,"level":"info","message":"request","method":"POST","path":"/api/auth/verify-otp","role":"Candidate","status":200,"timestamp":"2026-07-20T09:03:26.109Z","userId":"6a5de3c25223dd87352e48ea"}
{"durationMs":2367,"level":"info","message":"request","method":"POST","path":"/api/auth/login","role":null,"status":200,"timestamp":"2026-07-20T09:04:07.104Z","userId":null}
{"durationMs":3,"level":"info","message":"request","method":"POST","path":"/api/auth/verify-otp","role":"SuperAdmin","status":200,"timestamp":"2026-07-20T09:04:51.946Z","userId":"6a5de3c25223dd87352e48ea"}
{"durationMs":6,"level":"info","message":"request","method":"POST","path":"/api/department/create","role":"SuperAdmin","status":201,"timestamp":"2026-07-20T09:05:24.873Z","userId":"6a5de3c25223dd87352e48ea"}
{"durationMs":5,"level":"info","message":"request","method":"POST","path":"/api/designation/create","role":"SuperAdmin","status":201,"timestamp":"2026-07-20T09:05:34.945Z","userId":"6a5de3c25223dd87352e48ea"}
{"durationMs":1,"level":"info","message":"request","method":"GET","path":"/api/job/create","role":null,"status":404,"timestamp":"2026-07-20T09:07:30.274Z","userId":null}
{"durationMs":5,"level":"info","message":"request","method":"POST","path":"/api/job/create","role":"SuperAdmin","status":201,"timestamp":"2026-07-20T09:07:37.280Z","userId":"6a5de3c25223dd87352e48ea"}
{"durationMs":1,"level":"info","message":"request","method":"GET","path":"/api/job/","role":null,"status":500,"timestamp":"2026-07-20T09:07:53.577Z","userId":null}
{"durationMs":21,"level":"info","message":"request","method":"GET","path":"/api/job/","role":null,"status":200,"timestamp":"2026-07-20T09:08:17.203Z","userId":null}
{"durationMs":15,"level":"info","message":"request","method":"POST","path":"/api/job/create","role":"SuperAdmin","status":201,"timestamp":"2026-07-20T09:08:22.938Z","userId":"6a5de3c25223dd87352e48ea"}
{"durationMs":6,"level":"info","message":"request","method":"POST","path":"/api/job/create","role":"SuperAdmin","status":201,"timestamp":"2026-07-20T09:08:23.879Z","userId":"6a5de3c25223dd87352e48ea"}
{"durationMs":3,"level":"info","message":"request","method":"POST","path":"/api/job/create","role":"SuperAdmin","status":201,"timestamp":"2026-07-20T09:08:24.536Z","userId":"6a5de3c25223dd87352e48ea"}
{"durationMs":4,"level":"info","message":"request","method":"GET","path":"/api/job/","role":null,"status":200,"timestamp":"2026-07-20T09:08:26.315Z","userId":null}
{"durationMs":49,"level":"info","message":"request","method":"GET","path":"/api/job/","role":null,"status":200,"timestamp":"2026-07-20T09:08:29.935Z","userId":null}
{"durationMs":9,"level":"info","message":"request","method":"GET","path":"/api/job/","role":null,"status":200,"timestamp":"2026-07-20T09:08:30.287Z","userId":null}
{"durationMs":4,"level":"info","message":"request","method":"GET","path":"/api/job/","role":null,"status":200,"timestamp":"2026-07-20T09:08:30.628Z","userId":null}
{"durationMs":6,"level":"info","message":"request","method":"GET","path":"/api/job/","role":null,"status":200,"timestamp":"2026-07-20T09:08:30.921Z","userId":null}
{"durationMs":4,"level":"info","message":"request","method":"GET","path":"/api/job/","role":null,"status":200,"timestamp":"2026-07-20T09:08:31.179Z","userId":null}
{"durationMs":5,"level":"info","message":"request","method":"GET","path":"/api/job/","role":null,"status":200,"timestamp":"2026-07-20T09:08:31.412Z","userId":null}
{"durationMs":5,"level":"info","message":"request","method":"GET","path":"/api/job/","role":null,"status":200,"timestamp":"2026-07-20T09:08:31.673Z","userId":null}
{"durationMs":4,"level":"info","message":"request","method":"GET","path":"/api/job/","role":null,"status":200,"timestamp":"2026-07-20T09:08:31.898Z","userId":null}
{"durationMs":2,"level":"info","message":"request","method":"GET","path":"/api/job/","role":null,"status":200,"timestamp":"2026-07-20T09:08:32.126Z","userId":null}
{"durationMs":3,"level":"info","message":"request","method":"GET","path":"/api/job/","role":null,"status":200,"timestamp":"2026-07-20T09:08:32.334Z","userId":null}
{"durationMs":2,"level":"info","message":"request","method":"GET","path":"/api/job/","role":null,"status":200,"timestamp":"2026-07-20T09:08:32.598Z","userId":null}
{"durationMs":5,"level":"info","message":"request","method":"GET","path":"/api/job/","role":null,"status":200,"timestamp":"2026-07-20T09:08:32.854Z","userId":null}
{"durationMs":4,"level":"info","message":"request","method":"GET","path":"/api/job/","role":null,"status":200,"timestamp":"2026-07-20T09:08:33.088Z","userId":null}
{"durationMs":4,"level":"info","message":"request","method":"GET","path":"/api/job/","role":null,"status":200,"timestamp":"2026-07-20T09:08:33.303Z","userId":null}
{"durationMs":3,"level":"info","message":"request","method":"GET","path":"/api/job/","role":null,"status":200,"timestamp":"2026-07-20T09:08:33.531Z","userId":null}
{"durationMs":7,"level":"info","message":"request","method":"GET","path":"/api/job/","role":null,"status":200,"timestamp":"2026-07-20T09:08:33.766Z","userId":null}
{"durationMs":14,"level":"info","message":"request","method":"GET","path":"/api/job/","role":null,"status":200,"timestamp":"2026-07-20T09:08:33.992Z","userId":null}
{"durationMs":3,"level":"info","message":"request","method":"GET","path":"/api/job/","role":null,"status":200,"timestamp":"2026-07-20T09:08:34.414Z","userId":null}
{"durationMs":4,"level":"info","message":"request","method":"GET","path":"/api/job/","role":null,"status":200,"timestamp":"2026-07-20T09:08:34.776Z","userId":null}
{"durationMs":3,"level":"info","message":"request","method":"GET","path":"/api/job/","role":null,"status":200,"timestamp":"2026-07-20T09:08:35.133Z","userId":null}
{"durationMs":14,"level":"info","message":"request","method":"GET","path":"/api/job/","role":null,"status":200,"timestamp":"2026-07-20T09:09:10.987Z","userId":null}
{"durationMs":22,"level":"info","message":"request","method":"GET","path":"/api/job/open","role":null,"status":200,"timestamp":"2026-07-20T09:23:14.635Z","userId":null}
{"durationMs":2,"level":"info","message":"request","method":"GET","path":"/api/job/closed","role":null,"status":401,"timestamp":"2026-07-20T09:23:22.338Z","userId":null}
{"durationMs":5,"level":"info","message":"request","method":"GET","path":"/api/job/closed","role":"SuperAdmin","status":404,"timestamp":"2026-07-20T09:23:42.130Z","userId":"6a5de3c25223dd87352e48ea"}
{"durationMs":2470,"level":"info","message":"request","method":"POST","path":"/api/auth/login","role":null,"status":200,"timestamp":"2026-07-20T09:24:58.393Z","userId":null}
{"durationMs":6,"level":"info","message":"request","method":"POST","path":"/api/auth/verify-otp","role":"SuperAdmin","status":200,"timestamp":"2026-07-20T09:26:08.151Z","userId":"6a5de3c25223dd87352e48ea"}
{"durationMs":3,"level":"info","message":"request","method":"POST","path":"/api/auth/verify-otp","role":"SuperAdmin","status":400,"timestamp":"2026-07-20T09:28:24.196Z","userId":"6a5de3c25223dd87352e48ea"}
{"durationMs":5,"level":"info","message":"request","method":"GET","path":"/api/job","role":null,"status":200,"timestamp":"2026-07-20T09:42:14.954Z","userId":null}
{"durationMs":8,"level":"info","message":"request","method":"GET","path":"/api/job","role":null,"status":304,"timestamp":"2026-07-20T09:42:21.899Z","userId":null}
{"durationMs":2,"level":"info","message":"request","method":"GET","path":"/api/job","role":null,"status":304,"timestamp":"2026-07-20T09:42:31.901Z","userId":null}
{"durationMs":6,"level":"info","message":"request","method":"GET","path":"/api/job","role":null,"status":304,"timestamp":"2026-07-20T09:42:40.209Z","userId":null}
{"durationMs":3,"level":"info","message":"request","method":"GET","path":"/api/job","role":null,"status":304,"timestamp":"2026-07-20T09:42:53.908Z","userId":null}
{"durationMs":6,"level":"info","message":"request","method":"GET","path":"/api/job","role":null,"status":304,"timestamp":"2026-07-20T09:43:11.793Z","userId":null}
{"durationMs":3,"level":"info","message":"request","method":"GET","path":"/api/job","role":null,"status":304,"timestamp":"2026-07-20T09:43:19.668Z","userId":null}
{"durationMs":2,"level":"info","message":"request","method":"GET","path":"/api/job","role":null,"status":304,"timestamp":"2026-07-20T09:43:24.589Z","userId":null}
{"durationMs":2,"level":"info","message":"request","method":"GET","path":"/api/job","role":null,"status":304,"timestamp":"2026-07-20T09:43:24.599Z","userId":null}
{"durationMs":2,"level":"info","message":"request","method":"GET","path":"/api/job","role":null,"status":304,"timestamp":"2026-07-20T09:43:24.608Z","userId":null}
{"durationMs":2,"level":"info","message":"request","method":"GET","path":"/api/job","role":null,"status":304,"timestamp":"2026-07-20T09:43:28.470Z","userId":null}
{"durationMs":2,"level":"info","message":"request","method":"GET","path":"/api/job","role":null,"status":304,"timestamp":"2026-07-20T09:43:28.473Z","userId":null}
{"durationMs":3,"level":"info","message":"request","method":"GET","path":"/api/job","role":null,"status":304,"timestamp":"2026-07-20T09:43:28.482Z","userId":null}
{"durationMs":2,"level":"info","message":"request","method":"GET","path":"/api/job","role":null,"status":304,"timestamp":"2026-07-20T09:43:28.486Z","userId":null}
{"durationMs":2,"level":"info","message":"request","method":"GET","path":"/api/job","role":null,"status":304,"timestamp":"2026-07-20T09:43:28.496Z","userId":null}
{"durationMs":2,"level":"info","message":"request","method":"GET","path":"/api/job","role":null,"status":304,"timestamp":"2026-07-20T09:43:28.500Z","userId":null}
{"durationMs":2,"level":"info","message":"request","method":"GET","path":"/api/job","role":null,"status":304,"timestamp":"2026-07-20T09:43:28.509Z","userId":null}
{"durationMs":2,"level":"info","message":"request","method":"GET","path":"/api/job","role":null,"status":304,"timestamp":"2026-07-20T09:43:28.512Z","userId":null}
{"durationMs":3,"level":"info","message":"request","method":"GET","path":"/api/job","role":null,"status":304,"timestamp":"2026-07-20T09:43:28.521Z","userId":null}
{"durationMs":2,"level":"info","message":"request","method":"GET","path":"/api/job","role":null,"status":304,"timestamp":"2026-07-20T09:43:28.524Z","userId":null}
{"durationMs":2,"level":"info","message":"request","method":"GET","path":"/api/job","role":null,"status":304,"timestamp":"2026-07-20T09:43:28.533Z","userId":null}
{"durationMs":2,"level":"info","message":"request","method":"GET","path":"/api/job","role":null,"status":304,"timestamp":"2026-07-20T09:43:28.536Z","userId":null}
{"durationMs":2,"level":"info","message":"request","method":"GET","path":"/api/job","role":null,"status":304,"timestamp":"2026-07-20T09:43:28.545Z","userId":null}
{"durationMs":2,"level":"info","message":"request","method":"GET","path":"/api/job","role":null,"status":304,"timestamp":"2026-07-20T09:43:28.549Z","userId":null}
{"durationMs":2,"level":"info","message":"request","method":"GET","path":"/api/job","role":null,"status":304,"timestamp":"2026-07-20T09:43:28.557Z","userId":null}
{"durationMs":3,"level":"info","message":"request","method":"GET","path":"/api/job","role":null,"status":200,"timestamp":"2026-07-20T09:43:54.127Z","userId":null}
{"durationMs":6,"level":"info","message":"request","method":"GET","path":"/api/job","role":null,"status":304,"timestamp":"2026-07-20T09:43:54.166Z","userId":null}
{"durationMs":5,"level":"info","message":"request","method":"GET","path":"/api/job","role":null,"status":304,"timestamp":"2026-07-20T09:43:54.193Z","userId":null}
{"durationMs":3,"level":"info","message":"request","method":"GET","path":"/api/job","role":null,"status":304,"timestamp":"2026-07-20T09:43:54.434Z","userId":null}
{"durationMs":4,"level":"info","message":"request","method":"GET","path":"/api/job","role":null,"status":304,"timestamp":"2026-07-20T09:43:54.623Z","userId":null}
{"durationMs":2,"level":"info","message":"request","method":"GET","path":"/api/job","role":null,"status":304,"timestamp":"2026-07-20T09:43:54.637Z","userId":null}
{"durationMs":4,"level":"info","message":"request","method":"GET","path":"/api/job","role":null,"status":304,"timestamp":"2026-07-20T09:43:54.660Z","userId":null}
{"durationMs":3,"level":"info","message":"request","method":"GET","path":"/api/job","role":null,"status":304,"timestamp":"2026-07-20T09:43:54.678Z","userId":null}
{"durationMs":4,"level":"info","message":"request","method":"GET","path":"/api/job","role":null,"status":304,"timestamp":"2026-07-20T09:43:54.696Z","userId":null}
{"durationMs":2,"level":"info","message":"request","method":"GET","path":"/api/job","role":null,"status":304,"timestamp":"2026-07-20T09:43:54.711Z","userId":null}
{"durationMs":2,"level":"info","message":"request","method":"GET","path":"/api/job","role":null,"status":304,"timestamp":"2026-07-20T09:43:54.724Z","userId":null}
{"durationMs":3,"level":"info","message":"request","method":"GET","path":"/api/job","role":null,"status":304,"timestamp":"2026-07-20T09:43:54.739Z","userId":null}
{"durationMs":2,"level":"info","message":"request","method":"GET","path":"/api/job","role":null,"status":304,"timestamp":"2026-07-20T09:43:54.751Z","userId":null}
{"durationMs":2,"level":"info","message":"request","method":"GET","path":"/api/job","role":null,"status":304,"timestamp":"2026-07-20T09:43:54.765Z","userId":null}
{"durationMs":2,"level":"info","message":"request","method":"GET","path":"/api/job","role":null,"status":304,"timestamp":"2026-07-20T09:43:54.776Z","userId":null}
{"durationMs":2,"level":"info","message":"request","method":"GET","path":"/api/job","role":null,"status":304,"timestamp":"2026-07-20T09:43:54.789Z","userId":null}
{"durationMs":4,"level":"info","message":"request","method":"GET","path":"/api/job","role":null,"status":304,"timestamp":"2026-07-20T09:43:54.804Z","userId":null}
{"durationMs":3,"level":"info","message":"request","method":"GET","path":"/api/job","role":null,"status":304,"timestamp":"2026-07-20T09:43:54.822Z","userId":null}
{"durationMs":3,"level":"info","message":"request","method":"GET","path":"/api/job","role":null,"status":304,"timestamp":"2026-07-20T09:43:54.837Z","userId":null}
{"durationMs":2,"level":"info","message":"request","method":"GET","path":"/api/job","role":null,"status":304,"timestamp":"2026-07-20T09:43:54.849Z","userId":null}
{"durationMs":2,"level":"info","message":"request","method":"GET","path":"/api/job","role":null,"status":304,"timestamp":"2026-07-20T09:43:54.861Z","userId":null}
{"durationMs":3,"level":"info","message":"request","method":"GET","path":"/api/job","role":null,"status":304,"timestamp":"2026-07-20T09:43:54.873Z","userId":null}
{"durationMs":1,"level":"info","message":"request","method":"GET","path":"/api/job","role":null,"status":304,"timestamp":"2026-07-20T09:43:54.884Z","userId":null}
{"durationMs":3,"level":"info","message":"request","method":"GET","path":"/api/job","role":null,"status":304,"timestamp":"2026-07-20T09:43:54.897Z","userId":null}
{"durationMs":3,"level":"info","message":"request","method":"GET","path":"/api/job","role":null,"status":304,"timestamp":"2026-07-20T09:43:54.909Z","userId":null}
{"durationMs":3,"level":"info","message":"request","method":"GET","path":"/api/job","role":null,"status":200,"timestamp":"2026-07-20T09:45:41.671Z","userId":null}
{"durationMs":5,"level":"info","message":"request","method":"GET","path":"/api/job","role":null,"status":304,"timestamp":"2026-07-20T09:45:41.741Z","userId":null}
{"durationMs":4,"level":"info","message":"request","method":"GET","path":"/api/job","role":null,"status":304,"timestamp":"2026-07-20T09:45:41.783Z","userId":null}
{"durationMs":12,"level":"info","message":"request","method":"GET","path":"/api/job","role":null,"status":304,"timestamp":"2026-07-20T09:45:41.819Z","userId":null}
{"durationMs":2,"level":"info","message":"request","method":"GET","path":"/api/job","role":null,"status":304,"timestamp":"2026-07-20T09:45:41.840Z","userId":null}
{"durationMs":7,"level":"info","message":"request","method":"GET","path":"/api/job","role":null,"status":304,"timestamp":"2026-07-20T09:45:41.865Z","userId":null}
{"durationMs":5,"level":"info","message":"request","method":"GET","path":"/api/job","role":null,"status":304,"timestamp":"2026-07-20T09:45:41.881Z","userId":null}
{"durationMs":5,"level":"info","message":"request","method":"GET","path":"/api/job","role":null,"status":304,"timestamp":"2026-07-20T09:45:42.011Z","userId":null}
{"durationMs":3,"level":"info","message":"request","method":"GET","path":"/api/job","role":null,"status":304,"timestamp":"2026-07-20T09:45:42.193Z","userId":null}
{"durationMs":4,"level":"info","message":"request","method":"GET","path":"/api/job","role":null,"status":304,"timestamp":"2026-07-20T09:45:42.210Z","userId":null}
{"durationMs":3,"level":"info","message":"request","method":"GET","path":"/api/job","role":null,"status":304,"timestamp":"2026-07-20T09:45:42.227Z","userId":null}
{"durationMs":3,"level":"info","message":"request","method":"GET","path":"/api/job","role":null,"status":304,"timestamp":"2026-07-20T09:45:42.244Z","userId":null}
{"durationMs":3,"level":"info","message":"request","method":"GET","path":"/api/job","role":null,"status":304,"timestamp":"2026-07-20T09:45:42.258Z","userId":null}
{"durationMs":2,"level":"info","message":"request","method":"GET","path":"/api/job","role":null,"status":304,"timestamp":"2026-07-20T09:45:42.272Z","userId":null}
{"durationMs":3,"level":"info","message":"request","method":"GET","path":"/api/job","role":null,"status":304,"timestamp":"2026-07-20T09:45:42.286Z","userId":null}
{"durationMs":2,"level":"info","message":"request","method":"GET","path":"/api/job","role":null,"status":304,"timestamp":"2026-07-20T09:45:42.301Z","userId":null}
{"durationMs":4,"level":"info","message":"request","method":"GET","path":"/api/job","role":null,"status":304,"timestamp":"2026-07-20T09:45:42.314Z","userId":null}
{"durationMs":2,"level":"info","message":"request","method":"GET","path":"/api/job","role":null,"status":304,"timestamp":"2026-07-20T09:45:42.324Z","userId":null}
{"durationMs":2,"level":"info","message":"request","method":"GET","path":"/api/job","role":null,"status":304,"timestamp":"2026-07-20T09:45:42.336Z","userId":null}
{"durationMs":3,"level":"info","message":"request","method":"GET","path":"/api/job","role":null,"status":304,"timestamp":"2026-07-20T09:45:42.346Z","userId":null}
{"durationMs":2,"level":"info","message":"request","method":"GET","path":"/api/job","role":null,"status":304,"timestamp":"2026-07-20T09:45:42.354Z","userId":null}
{"durationMs":1,"level":"info","message":"request","method":"GET","path":"/api/job","role":null,"status":304,"timestamp":"2026-07-20T09:45:42.365Z","userId":null}
{"durationMs":2,"level":"info","message":"request","method":"GET","path":"/api/job","role":null,"status":304,"timestamp":"2026-07-20T09:45:42.374Z","userId":null}
{"durationMs":2,"level":"info","message":"request","method":"GET","path":"/api/job","role":null,"status":304,"timestamp":"2026-07-20T09:45:42.386Z","userId":null}
{"durationMs":2,"level":"info","message":"request","method":"GET","path":"/api/job","role":null,"status":304,"timestamp":"2026-07-20T09:45:42.400Z","userId":null}
{"durationMs":2,"level":"info","message":"request","method":"GET","path":"/api/job","role":null,"status":200,"timestamp":"2026-07-20T09:48:35.002Z","userId":null}
{"durationMs":4,"level":"info","message":"request","method":"GET","path":"/api/job","role":null,"status":304,"timestamp":"2026-07-20T09:48:40.198Z","userId":null}
{"durationMs":3,"level":"info","message":"request","method":"GET","path":"/api/job","role":null,"status":304,"timestamp":"2026-07-20T09:48:53.209Z","userId":null}
{"durationMs":2,"level":"info","message":"request","method":"GET","path":"/api/job","role":null,"status":304,"timestamp":"2026-07-20T09:48:56.119Z","userId":null}
{"durationMs":2,"level":"info","message":"request","method":"GET","path":"/api/job","role":null,"status":304,"timestamp":"2026-07-20T09:48:57.795Z","userId":null}
{"durationMs":4,"level":"info","message":"request","method":"GET","path":"/api/job","role":null,"status":304,"timestamp":"2026-07-20T09:49:06.886Z","userId":null}
{"durationMs":3,"level":"info","message":"request","method":"GET","path":"/api/job","role":null,"status":304,"timestamp":"2026-07-20T09:49:08.844Z","userId":null}
{"durationMs":5,"level":"info","message":"request","method":"GET","path":"/api/job","role":null,"status":304,"timestamp":"2026-07-20T09:49:11.931Z","userId":null}
{"durationMs":1,"level":"info","message":"request","method":"GET","path":"/api/job","role":null,"status":304,"timestamp":"2026-07-20T09:49:32.635Z","userId":null}
{"durationMs":2,"level":"info","message":"request","method":"GET","path":"/api/job","role":null,"status":304,"timestamp":"2026-07-20T09:49:34.158Z","userId":null}
{"durationMs":3,"level":"info","message":"request","method":"GET","path":"/api/job","role":null,"status":200,"timestamp":"2026-07-20T09:49:43.201Z","userId":null}
{"durationMs":2,"level":"info","message":"request","method":"GET","path":"/api/job","role":null,"status":304,"timestamp":"2026-07-20T09:49:51.847Z","userId":null}
{"durationMs":2,"level":"info","message":"request","method":"GET","path":"/api/job","role":null,"status":304,"timestamp":"2026-07-20T09:49:52.967Z","userId":null}
{"durationMs":2,"level":"info","message":"request","method":"GET","path":"/api/job","role":null,"status":304,"timestamp":"2026-07-20T09:49:54.077Z","userId":null}
{"durationMs":3,"level":"info","message":"request","method":"GET","path":"/api/job","role":null,"status":304,"timestamp":"2026-07-20T09:49:57.858Z","userId":null}
{"durationMs":3,"level":"info","message":"request","method":"GET","path":"/api/job","role":null,"status":304,"timestamp":"2026-07-20T09:49:58.823Z","userId":null}
{"durationMs":5,"level":"info","message":"request","method":"GET","path":"/api/job","role":null,"status":304,"timestamp":"2026-07-20T09:50:30.303Z","userId":null}
{"durationMs":2,"level":"info","message":"request","method":"GET","path":"/api/job","role":null,"status":304,"timestamp":"2026-07-20T09:50:30.998Z","userId":null}
{"durationMs":1,"level":"info","message":"request","method":"GET","path":"/api/job","role":null,"status":304,"timestamp":"2026-07-20T09:50:39.770Z","userId":null}
{"durationMs":2,"level":"info","message":"request","method":"GET","path":"/api/job","role":null,"status":304,"timestamp":"2026-07-20T09:50:44.812Z","userId":null}
{"durationMs":2,"level":"info","message":"request","method":"GET","path":"/api/job","role":null,"status":304,"timestamp":"2026-07-20T09:50:51.320Z","userId":null}
{"durationMs":2,"level":"info","message":"request","method":"GET","path":"/api/job","role":null,"status":304,"timestamp":"2026-07-20T09:51:03.642Z","userId":null}
{"durationMs":2,"level":"info","message":"request","method":"GET","path":"/api/job","role":null,"status":304,"timestamp":"2026-07-20T09:51:04.515Z","userId":null}
{"durationMs":2,"level":"info","message":"request","method":"GET","path":"/api/job","role":null,"status":304,"timestamp":"2026-07-20T09:51:53.667Z","userId":null}
{"durationMs":3,"level":"info","message":"request","method":"GET","path":"/api/job","role":null,"status":304,"timestamp":"2026-07-20T09:51:58.979Z","userId":null}
{"durationMs":2,"level":"info","message":"request","method":"GET","path":"/api/job","role":null,"status":304,"timestamp":"2026-07-20T09:52:00.111Z","userId":null}
{"durationMs":2,"level":"info","message":"request","method":"GET","path":"/api/job","role":null,"status":304,"timestamp":"2026-07-20T09:52:03.511Z","userId":null}
{"durationMs":3,"level":"info","message":"request","method":"GET","path":"/api/job","role":null,"status":304,"timestamp":"2026-07-20T09:52:19.664Z","userId":null}
{"durationMs":4,"level":"info","message":"request","method":"GET","path":"/api/job","role":null,"status":304,"timestamp":"2026-07-20T09:52:21.481Z","userId":null}
{"durationMs":3,"level":"info","message":"request","method":"GET","path":"/api/job","role":null,"status":304,"timestamp":"2026-07-20T09:52:24.186Z","userId":null}
{"durationMs":2,"level":"info","message":"request","method":"GET","path":"/api/job","role":null,"status":304,"timestamp":"2026-07-20T09:52:30.494Z","userId":null}
{"durationMs":3,"level":"info","message":"request","method":"GET","path":"/api/job","role":null,"status":304,"timestamp":"2026-07-20T09:52:30.856Z","userId":null}
{"durationMs":5,"level":"info","message":"request","method":"GET","path":"/api/job","role":null,"status":304,"timestamp":"2026-07-20T09:52:47.215Z","userId":null}
{"durationMs":1,"level":"info","message":"request","method":"GET","path":"/api/job","role":null,"status":304,"timestamp":"2026-07-20T09:53:20.691Z","userId":null}
{"durationMs":3,"level":"info","message":"request","method":"GET","path":"/api/job","role":null,"status":304,"timestamp":"2026-07-20T09:53:27.420Z","userId":null}
{"durationMs":3,"level":"info","message":"request","method":"GET","path":"/api/job","role":null,"status":304,"timestamp":"2026-07-20T09:53:30.734Z","userId":null}
{"durationMs":3,"level":"info","message":"request","method":"GET","path":"/api/job","role":null,"status":304,"timestamp":"2026-07-20T09:54:53.368Z","userId":null}
{"durationMs":2,"level":"info","message":"request","method":"GET","path":"/api/job","role":null,"status":304,"timestamp":"2026-07-20T09:55:09.129Z","userId":null}
{"durationMs":2,"level":"info","message":"request","method":"GET","path":"/api/job","role":null,"status":304,"timestamp":"2026-07-20T09:55:23.312Z","userId":null}
{"durationMs":2,"level":"info","message":"request","method":"GET","path":"/api/job","role":null,"status":304,"timestamp":"2026-07-20T09:55:32.286Z","userId":null}
{"durationMs":3,"level":"info","message":"request","method":"GET","path":"/api/job","role":null,"status":304,"timestamp":"2026-07-20T09:55:51.484Z","userId":null}
{"durationMs":4,"level":"info","message":"request","method":"GET","path":"/api/job","role":null,"status":304,"timestamp":"2026-07-20T09:56:05.423Z","userId":null}
{"durationMs":33,"level":"info","message":"request","method":"GET","path":"/api/job/","role":null,"status":200,"timestamp":"2026-07-20T10:00:56.471Z","userId":null}
{"durationMs":5,"level":"info","message":"request","method":"GET","path":"/api/job","role":null,"status":200,"timestamp":"2026-07-20T10:01:56.016Z","userId":null}
{"durationMs":63,"level":"info","message":"request","method":"GET","path":"/api/job","role":null,"status":304,"timestamp":"2026-07-20T10:01:58.586Z","userId":null}
{"durationMs":25,"level":"info","message":"request","method":"GET","path":"/api/job","role":null,"status":304,"timestamp":"2026-07-20T10:06:11.380Z","userId":null}
{"durationMs":32,"level":"info","message":"request","method":"GET","path":"/api/job","role":null,"status":304,"timestamp":"2026-07-20T10:07:53.551Z","userId":null}
{"durationMs":12,"level":"info","message":"request","method":"GET","path":"/api/job","role":null,"status":304,"timestamp":"2026-07-20T10:07:54.264Z","userId":null}
{"durationMs":7,"level":"info","message":"request","method":"GET","path":"/api/job","role":null,"status":304,"timestamp":"2026-07-20T10:09:13.019Z","userId":null}
{"durationMs":4,"level":"info","message":"request","method":"GET","path":"/api/job","role":null,"status":304,"timestamp":"2026-07-20T10:11:08.019Z","userId":null}
{"durationMs":5,"level":"info","message":"request","method":"GET","path":"/api/job","role":null,"status":304,"timestamp":"2026-07-20T10:11:10.009Z","userId":null}
{"durationMs":5,"level":"info","message":"request","method":"GET","path":"/api/job","role":null,"status":304,"timestamp":"2026-07-20T10:11:14.027Z","userId":null}
{"durationMs":5,"level":"info","message":"request","method":"GET","path":"/api/job","role":null,"status":304,"timestamp":"2026-07-20T10:11:39.026Z","userId":null}
{"durationMs":10,"level":"info","message":"request","method":"GET","path":"/api/job","role":null,"status":304,"timestamp":"2026-07-20T10:11:40.752Z","userId":null}
{"durationMs":9,"level":"info","message":"request","method":"GET","path":"/api/job","role":null,"status":304,"timestamp":"2026-07-20T10:11:42.601Z","userId":null}
{"durationMs":9,"level":"info","message":"request","method":"GET","path":"/api/job","role":null,"status":200,"timestamp":"2026-07-20T10:11:46.253Z","userId":null}
{"durationMs":7,"level":"info","message":"request","method":"GET","path":"/api/job","role":null,"status":304,"timestamp":"2026-07-20T10:15:21.109Z","userId":null}
{"durationMs":6,"level":"info","message":"request","method":"GET","path":"/api/job","role":null,"status":304,"timestamp":"2026-07-20T10:16:42.746Z","userId":null}
{"durationMs":12,"level":"info","message":"request","method":"GET","path":"/api/job","role":null,"status":304,"timestamp":"2026-07-20T10:17:15.286Z","userId":null}
{"durationMs":8,"level":"info","message":"request","method":"GET","path":"/api/job","role":null,"status":304,"timestamp":"2026-07-20T10:18:19.732Z","userId":null}
{"durationMs":9,"level":"info","message":"request","method":"GET","path":"/api/job","role":null,"status":304,"timestamp":"2026-07-20T10:18:32.368Z","userId":null}
{"durationMs":10,"level":"info","message":"request","method":"GET","path":"/api/job","role":null,"status":304,"timestamp":"2026-07-20T10:18:39.279Z","userId":null}
{"durationMs":9,"level":"info","message":"request","method":"GET","path":"/api/job","role":null,"status":304,"timestamp":"2026-07-20T10:21:05.867Z","userId":null}
{"durationMs":8,"level":"info","message":"request","method":"GET","path":"/api/job","role":null,"status":304,"timestamp":"2026-07-20T10:22:37.140Z","userId":null}
{"durationMs":4,"level":"info","message":"request","method":"GET","path":"/api/job","role":null,"status":304,"timestamp":"2026-07-20T10:26:16.711Z","userId":null}
{"durationMs":7,"level":"info","message":"request","method":"GET","path":"/api/job","role":null,"status":304,"timestamp":"2026-07-20T10:39:27.335Z","userId":null}
{"durationMs":9,"level":"info","message":"request","method":"GET","path":"/api/auth/me","role":null,"status":404,"timestamp":"2026-07-20T14:28:15.093Z","userId":null}
{"durationMs":38,"level":"info","message":"request","method":"GET","path":"/api/auth/me","role":"SuperAdmin","status":500,"timestamp":"2026-07-20T14:30:53.369Z","userId":"6a5de3c25223dd87352e48ea"}
{"durationMs":117,"level":"info","message":"request","method":"GET","path":"/api/auth/me","role":"SuperAdmin","status":200,"timestamp":"2026-07-20T14:31:28.263Z","userId":"6a5de3c25223dd87352e48ea"}
{"durationMs":13,"level":"info","message":"request","method":"GET","path":"/api/auth/me","role":"SuperAdmin","status":200,"timestamp":"2026-07-20T14:31:48.830Z","userId":"6a5de3c25223dd87352e48ea"}
{"durationMs":141,"level":"info","message":"request","method":"GET","path":"/api/auth/me","role":"SuperAdmin","status":200,"timestamp":"2026-07-20T14:32:43.949Z","userId":"6a5de3c25223dd87352e48ea"}
{"durationMs":7,"level":"info","message":"request","method":"GET","path":"/api/auth/me","role":"SuperAdmin","status":304,"timestamp":"2026-07-20T14:33:05.999Z","userId":"6a5de3c25223dd87352e48ea"}
{"durationMs":11,"level":"info","message":"request","method":"GET","path":"/api/auth/me","role":"SuperAdmin","status":200,"timestamp":"2026-07-20T14:33:14.007Z","userId":"6a5de3c25223dd87352e48ea"}
{"durationMs":7,"level":"info","message":"request","method":"GET","path":"/api/auth/me","role":"SuperAdmin","status":304,"timestamp":"2026-07-20T14:34:37.012Z","userId":"6a5de3c25223dd87352e48ea"}
{"durationMs":23,"level":"info","message":"request","method":"GET","path":"/api/job/open","role":null,"status":200,"timestamp":"2026-07-20T14:35:05.014Z","userId":null}
{"durationMs":29,"level":"info","message":"request","method":"GET","path":"/api/auth/me","role":"SuperAdmin","status":304,"timestamp":"2026-07-20T14:35:19.087Z","userId":"6a5de3c25223dd87352e48ea"}
{"durationMs":9,"level":"info","message":"request","method":"GET","path":"/api/auth/me","role":"SuperAdmin","status":304,"timestamp":"2026-07-20T14:35:39.427Z","userId":"6a5de3c25223dd87352e48ea"}
{"durationMs":10,"level":"info","message":"request","method":"GET","path":"/api/auth/me","role":"SuperAdmin","status":304,"timestamp":"2026-07-20T14:36:04.216Z","userId":"6a5de3c25223dd87352e48ea"}
{"durationMs":5,"level":"info","message":"request","method":"GET","path":"/api/auth/me","role":"SuperAdmin","status":304,"timestamp":"2026-07-20T14:36:24.180Z","userId":"6a5de3c25223dd87352e48ea"}
{"durationMs":7,"level":"info","message":"request","method":"GET","path":"/api/auth/me","role":"SuperAdmin","status":304,"timestamp":"2026-07-20T14:37:00.999Z","userId":"6a5de3c25223dd87352e48ea"}
